<?xml version="1.0" encoding="UTF-8"?>
<!-- Generated by org.testng.reporters.JUnitXMLReporter -->
<testsuite ignored="0" hostname="LAPTOP-IJ1EK4I5" failures="0" tests="6" name="Test" time="0.08" errors="0" timestamp="2022-07-17T17:47:20 IST">
  <testcase classname="qaclickacademy.MavenJava.RESTAPITest" name="restAPITestMobileLogin" time="0.01"/>
  <testcase classname="qaclickacademy.MavenJava.RESTAPITest" name="restAPITestWebLogin" time="0.001"/>
  <testcase classname="qaclickacademy.MavenJava.SeleniumTest" name="seleniumTestMobileLogin" time="0.002"/>
  <testcase classname="qaclickacademy.MavenJava.SeleniumTest" name="seleniumTestWebLogin" time="0.002"/>
  <testcase classname="qaclickacademy.MavenJava.AppiumTest" name="appiumTestMobileLogin" time="0.001"/>
  <testcase classname="qaclickacademy.MavenJava.AppiumTest" name="appiumTestWebLogin" time="0.002"/>
</testsuite> <!-- Test -->
