<?xml version="1.0" encoding="UTF-8"?>
<!-- Generated by org.testng.reporters.JUnitXMLReporter -->
<testsuite hostname="LAPTOP-IJ1EK4I5" failures="0" tests="6" name="Test" time="0.034" errors="0" timestamp="17 Jul 2022 12:32:08 GMT">
  <testcase classname="qaclickacademy.MavenJava.RESTAPITest" name="restAPITestMobileLogin" time="0.015"/>
  <testcase classname="qaclickacademy.MavenJava.RESTAPITest" name="restAPITestWebLogin" time="0.001"/>
  <testcase classname="qaclickacademy.MavenJava.SeleniumTest" name="seleniumTestMobileLogin" time="0.0"/>
  <testcase classname="qaclickacademy.MavenJava.SeleniumTest" name="seleniumTestWebLogin" time="0.001"/>
  <testcase classname="qaclickacademy.MavenJava.AppiumTest" name="appiumTestMobileLogin" time="0.0"/>
  <testcase classname="qaclickacademy.MavenJava.AppiumTest" name="appiumTestWebLogin" time="0.0"/>
</testsuite> <!-- Test -->
