<?xml version="1.0" encoding="UTF-8"?>
<testng-results total="6" passed="6" failed="0" skipped="0">
  <reporter-output>
  </reporter-output>
  <suite started-at="2022-07-17T12:32:08Z" name="Suite" finished-at="2022-07-17T12:32:08Z" duration-ms="34">
    <groups>
    </groups>
    <test started-at="2022-07-17T12:32:08Z" name="Test" finished-at="2022-07-17T12:32:08Z" duration-ms="34">
      <class name="qaclickacademy.MavenJava.SeleniumTest">
        <test-method signature="seleniumTestMobileLogin()[pri:0, instance:qaclickacademy.MavenJava.SeleniumTest@3b0fe47a]" started-at="2022-07-17T18:02:08Z" name="seleniumTestMobileLogin" finished-at="2022-07-17T18:02:08Z" duration-ms="0" status="PASS">
          <reporter-output>
          </reporter-output>
        </test-method> <!-- seleniumTestMobileLogin -->
        <test-method signature="seleniumTestWebLogin()[pri:0, instance:qaclickacademy.MavenJava.SeleniumTest@3b0fe47a]" started-at="2022-07-17T18:02:08Z" name="seleniumTestWebLogin" finished-at="2022-07-17T18:02:08Z" duration-ms="1" status="PASS">
          <reporter-output>
          </reporter-output>
        </test-method> <!-- seleniumTestWebLogin -->
      </class> <!-- qaclickacademy.MavenJava.SeleniumTest -->
      <class name="qaclickacademy.MavenJava.RESTAPITest">
        <test-method signature="restAPITestMobileLogin()[pri:0, instance:qaclickacademy.MavenJava.RESTAPITest@54422e18]" started-at="2022-07-17T18:02:08Z" name="restAPITestMobileLogin" finished-at="2022-07-17T18:02:08Z" duration-ms="15" status="PASS">
          <reporter-output>
          </reporter-output>
        </test-method> <!-- restAPITestMobileLogin -->
        <test-method signature="restAPITestWebLogin()[pri:0, instance:qaclickacademy.MavenJava.RESTAPITest@54422e18]" started-at="2022-07-17T18:02:08Z" name="restAPITestWebLogin" finished-at="2022-07-17T18:02:08Z" duration-ms="1" status="PASS">
          <reporter-output>
          </reporter-output>
        </test-method> <!-- restAPITestWebLogin -->
      </class> <!-- qaclickacademy.MavenJava.RESTAPITest -->
      <class name="qaclickacademy.MavenJava.AppiumTest">
        <test-method signature="appiumTestMobileLogin()[pri:0, instance:qaclickacademy.MavenJava.AppiumTest@202b0582]" started-at="2022-07-17T18:02:08Z" name="appiumTestMobileLogin" finished-at="2022-07-17T18:02:08Z" duration-ms="0" status="PASS">
          <reporter-output>
          </reporter-output>
        </test-method> <!-- appiumTestMobileLogin -->
        <test-method signature="appiumTestWebLogin()[pri:0, instance:qaclickacademy.MavenJava.AppiumTest@202b0582]" started-at="2022-07-17T18:02:08Z" name="appiumTestWebLogin" finished-at="2022-07-17T18:02:08Z" duration-ms="0" status="PASS">
          <reporter-output>
          </reporter-output>
        </test-method> <!-- appiumTestWebLogin -->
      </class> <!-- qaclickacademy.MavenJava.AppiumTest -->
    </test> <!-- Test -->
  </suite> <!-- Suite -->
</testng-results>
